0 info it worked if it ends with ok
1 verbose cli [ 'C:\\Program Files\\nodejs\\node.exe',
1 verbose cli   'C:\\Program Files\\nodejs\\node_modules\\npm\\bin\\npm-cli.js',
1 verbose cli   'run',
1 verbose cli   'test',
1 verbose cli   'azure-search' ]
2 info using npm@3.10.10
3 info using node@v6.11.1
4 verbose run-script [ 'pretest', 'test', 'posttest' ]
5 info lifecycle yes@1.0.0~pretest: yes@1.0.0
6 silly lifecycle yes@1.0.0~pretest: no script for pretest, continuing
7 info lifecycle yes@1.0.0~test: yes@1.0.0
8 verbose lifecycle yes@1.0.0~test: unsafe-perm in lifecycle true
9 verbose lifecycle yes@1.0.0~test: PATH: C:\Program Files\nodejs\node_modules\npm\bin\node-gyp-bin;C:\wamp\www\roundbobhelperv1\node_modules\.bin;C:\Program Files\Git\cmd;C:\ProgramData\Oracle\Java\javapath;C:\WINDOWS\system32;C:\WINDOWS;C:\WINDOWS\System32\Wbem;C:\WINDOWS\System32\WindowsPowerShell\v1.0\;C:\wamp\bin\php\php5.5.12;C:\ProgramData\ComposerSetup\bin;C:\Program Files\nodejs\;C:\Program Files\Git\cmd;C:\Users\pkanye\AppData\Local\Microsoft\WindowsApps;C:\Users\pkanye\AppData\Roaming\Composer\vendor\bin;C:\Program Files\Java\jdk1.8.0_121\bin;D:\soft\openssl-0.9.8e_X64\bin;C:\Users\pkanye\AppData\Roaming\npm;
10 verbose lifecycle yes@1.0.0~test: CWD: C:\wamp\www\roundbobhelperv1
11 silly lifecycle yes@1.0.0~test: Args: [ '/d /s /c', 'grunt karma:run coveralls "azure-search"' ]
12 silly lifecycle yes@1.0.0~test: Returned: code: 3  signal: null
13 info lifecycle yes@1.0.0~test: Failed to exec test script
14 verbose stack Error: yes@1.0.0 test: `grunt karma:run coveralls "azure-search"`
14 verbose stack Exit status 3
14 verbose stack     at EventEmitter.<anonymous> (C:\Program Files\nodejs\node_modules\npm\lib\utils\lifecycle.js:255:16)
14 verbose stack     at emitTwo (events.js:106:13)
14 verbose stack     at EventEmitter.emit (events.js:191:7)
14 verbose stack     at ChildProcess.<anonymous> (C:\Program Files\nodejs\node_modules\npm\lib\utils\spawn.js:40:14)
14 verbose stack     at emitTwo (events.js:106:13)
14 verbose stack     at ChildProcess.emit (events.js:191:7)
14 verbose stack     at maybeClose (internal/child_process.js:891:16)
14 verbose stack     at Process.ChildProcess._handle.onexit (internal/child_process.js:226:5)
15 verbose pkgid yes@1.0.0
16 verbose cwd C:\wamp\www\roundbobhelperv1
17 error Windows_NT 10.0.16299
18 error argv "C:\\Program Files\\nodejs\\node.exe" "C:\\Program Files\\nodejs\\node_modules\\npm\\bin\\npm-cli.js" "run" "test" "azure-search"
19 error node v6.11.1
20 error npm  v3.10.10
21 error code ELIFECYCLE
22 error yes@1.0.0 test: `grunt karma:run coveralls "azure-search"`
22 error Exit status 3
23 error Failed at the yes@1.0.0 test script 'grunt karma:run coveralls "azure-search"'.
23 error Make sure you have the latest version of node.js and npm installed.
23 error If you do, this is most likely a problem with the yes package,
23 error not with npm itself.
23 error Tell the author that this fails on your system:
23 error     grunt karma:run coveralls "azure-search"
23 error You can get information on how to open an issue for this project with:
23 error     npm bugs yes
23 error Or if that isn't available, you can get their info via:
23 error     npm owner ls yes
23 error There is likely additional logging output above.
24 verbose exit [ 1, true ]
